[01m[K/home/vboxuser/ws_moveit/src/hello_moveit/src/scene_initializer.cpp:[m[K In function â€˜[01m[Kint main(int, char**)[m[Kâ€™:
[01m[K/home/vboxuser/ws_moveit/src/hello_moveit/src/scene_initializer.cpp:112:29:[m[K [01;31m[Kerror: [m[Kcannot convert â€˜[01m[Kmoveit_msgs::msg::CollisionObject[m[Kâ€™ {aka â€˜[01m[Kmoveit_msgs::msg::CollisionObject_<std::allocator<void> >[m[Kâ€™} to â€˜[01m[Kconst std::vector<moveit_msgs::msg::CollisionObject_<std::allocator<void> >, std::allocator<moveit_msgs::msg::CollisionObject_<std::allocator<void> > > >&[m[Kâ€™
  112 |   psi.applyCollisionObjects([01;31m[Kchassis[m[K);
      |                             [01;31m[K^~~~~~~[m[K
      |                             [01;31m[K|[m[K
      |                             [01;31m[Kmoveit_msgs::msg::CollisionObject {aka moveit_msgs::msg::CollisionObject_<std::allocator<void> >}[m[K
In file included from [01m[K/home/vboxuser/ws_moveit/src/hello_moveit/src/scene_initializer.cpp:3[m[K:
[01m[K/home/vboxuser/ws_moveit/install/moveit_ros_planning_interface/include/moveit/planning_scene_interface/planning_scene_interface.h:114:61:[m[K [01;36m[Knote: [m[K  initializing argument 1 of â€˜[01m[Kbool moveit::planning_interface::PlanningSceneInterface::applyCollisionObjects(const std::vector<moveit_msgs::msg::CollisionObject_<std::allocator<void> >, std::allocator<moveit_msgs::msg::CollisionObject_<std::allocator<void> > > >&, const std::vector<moveit_msgs::msg::ObjectColor_<std::allocator<void> >, std::allocator<moveit_msgs::msg::ObjectColor_<std::allocator<void> > > >&)[m[Kâ€™
  114 |       [01;36m[Kconst std::vector<moveit_msgs::msg::CollisionObject>& collision_objects[m[K,
      |       [01;36m[K~~~~~~~~~~~~~~~~~~~~~~~~~~~~~~~~~~~~~~~~~~~~~~~~~~~~~~^~~~~~~~~~~~~~~~~[m[K
gmake[2]: *** [CMakeFiles/scene_initializer.dir/build.make:76: CMakeFiles/scene_initializer.dir/src/scene_initializer.cpp.o] Error 1
gmake[1]: *** [CMakeFiles/Makefile2:193: CMakeFiles/scene_initializer.dir/all] Error 2
gmake: *** [Makefile:146: all] Error 2
