[35m[1mConsolidate compiler generated dependencies of target scene_initializer[0m
[ 33%] Built target joint_to_ee_pose
[ 50%] [32mBuilding CXX object CMakeFiles/scene_initializer.dir/src/scene_initializer.cpp.o[0m
[ 83%] Built target simple_planning
[01m[K/home/vboxuser/ws_moveit/src/hello_moveit/src/scene_initializer.cpp:[m[K In function â€˜[01m[Kint main(int, char**)[m[Kâ€™:
[01m[K/home/vboxuser/ws_moveit/src/hello_moveit/src/scene_initializer.cpp:112:39:[m[K [01;31m[Kerror: [m[Kâ€˜[01m[Kbelt[m[Kâ€™ was not declared in this scope
  112 |   psi.applyCollisionObjects({chassis, [01;31m[Kbelt[m[K});
      |                                       [01;31m[K^~~~[m[K
[01m[K/home/vboxuser/ws_moveit/src/hello_moveit/src/scene_initializer.cpp:112:28:[m[K [01;31m[Kerror: [m[Kcannot convert â€˜[01m[K<brace-enclosed initializer list>[m[Kâ€™ to â€˜[01m[Kconst std::vector<moveit_msgs::msg::CollisionObject_<std::allocator<void> >, std::allocator<moveit_msgs::msg::CollisionObject_<std::allocator<void> > > >&[m[Kâ€™
  112 |   [01;31m[Kpsi.applyCollisionObjects({chassis, belt})[m[K;
      |   [01;31m[K~~~~~~~~~~~~~~~~~~~~~~~~~^~~~~~~~~~~~~~~~~[m[K
In file included from [01m[K/home/vboxuser/ws_moveit/src/hello_moveit/src/scene_initializer.cpp:3[m[K:
[01m[K/home/vboxuser/ws_moveit/install/moveit_ros_planning_interface/include/moveit/planning_scene_interface/planning_scene_interface.h:114:61:[m[K [01;36m[Knote: [m[K  initializing argument 1 of â€˜[01m[Kbool moveit::planning_interface::PlanningSceneInterface::applyCollisionObjects(const std::vector<moveit_msgs::msg::CollisionObject_<std::allocator<void> >, std::allocator<moveit_msgs::msg::CollisionObject_<std::allocator<void> > > >&, const std::vector<moveit_msgs::msg::ObjectColor_<std::allocator<void> >, std::allocator<moveit_msgs::msg::ObjectColor_<std::allocator<void> > > >&)[m[Kâ€™
  114 |       [01;36m[Kconst std::vector<moveit_msgs::msg::CollisionObject>& collision_objects[m[K,
      |       [01;36m[K~~~~~~~~~~~~~~~~~~~~~~~~~~~~~~~~~~~~~~~~~~~~~~~~~~~~~~^~~~~~~~~~~~~~~~~[m[K
gmake[2]: *** [CMakeFiles/scene_initializer.dir/build.make:76: CMakeFiles/scene_initializer.dir/src/scene_initializer.cpp.o] Error 1
gmake[1]: *** [CMakeFiles/Makefile2:193: CMakeFiles/scene_initializer.dir/all] Error 2
gmake: *** [Makefile:146: all] Error 2
