-- Found ament_cmake: 1.3.11 (/opt/ros/humble/share/ament_cmake/cmake)
-- Found rclcpp: 16.0.11 (/opt/ros/humble/share/rclcpp/cmake)
-- Found rosidl_generator_c: 3.1.6 (/opt/ros/humble/share/rosidl_generator_c/cmake)
-- Found rosidl_adapter: 3.1.6 (/opt/ros/humble/share/rosidl_adapter/cmake)
-- Found rosidl_generator_cpp: 3.1.6 (/opt/ros/humble/share/rosidl_generator_cpp/cmake)
-- Using all available rosidl_typesupport_c: rosidl_typesupport_fastrtps_c;rosidl_typesupport_introspection_c
-- Using all available rosidl_typesupport_cpp: rosidl_typesupport_fastrtps_cpp;rosidl_typesupport_introspection_cpp
-- Found rmw_implementation_cmake: 6.1.2 (/opt/ros/humble/share/rmw_implementation_cmake/cmake)
-- Found rmw_fastrtps_cpp: 6.2.7 (/opt/ros/humble/share/rmw_fastrtps_cpp/cmake)
-- Using RMW implementation 'rmw_fastrtps_cpp' as default
-- Found geometry_msgs: 4.2.4 (/opt/ros/humble/share/geometry_msgs/cmake)
-- Found moveit_ros_planning_interface: 2.5.6 (/home/vboxuser/ws_moveit/src/install/moveit_ros_planning_interface/share/moveit_ros_planning_interface/cmake)
-- Found Boost: /usr/lib/x86_64-linux-gnu/cmake/Boost-1.74.0/BoostConfig.cmake (found version "1.74.0") found components: date_time filesystem program_options system thread 
-- Found Boost: /usr/lib/x86_64-linux-gnu/cmake/Boost-1.74.0/BoostConfig.cmake (found version "1.74.0") found components: chrono date_time filesystem iostreams program_options regex serialization system thread 
-- Found parameter_traits: 0.3.9 (/opt/ros/humble/share/parameter_traits/cmake)
-- Found rclcpp_lifecycle: 16.0.11 (/opt/ros/humble/share/rclcpp_lifecycle/cmake)
-- Found Boost: /usr/lib/x86_64-linux-gnu/cmake/Boost-1.74.0/BoostConfig.cmake (found version "1.74.0") found components: filesystem 
-- library: /usr/lib/x86_64-linux-gnu/libcurl.so
-- Ensuring Eigen3 include directory is part of orocos-kdl CMake target
-- Found Boost: /usr/lib/x86_64-linux-gnu/cmake/Boost-1.74.0/BoostConfig.cmake (found version "1.74.0") found components: system filesystem date_time program_options thread chrono 
-- Found Boost: /usr/lib/x86_64-linux-gnu/cmake/Boost-1.74.0/BoostConfig.cmake (found version "1.74.0") found components: thread system filesystem regex date_time program_options 
-- Found Boost: /usr/lib/x86_64-linux-gnu/cmake/Boost-1.74.0/BoostConfig.cmake (found version "1.74.0") found components: system filesystem date_time program_options thread 
-- Configuring done
-- Generating done
-- Build files have been written to: /home/vboxuser/ws_moveit/src/build/cobot
[35m[1mConsolidate compiler generated dependencies of target simple_path_planner[0m
[ 50%] [32mBuilding CXX object CMakeFiles/simple_path_planner.dir/src/simple_path_planner.cpp.o[0m
[01m[K/home/vboxuser/ws_moveit/src/cobot/src/simple_path_planner.cpp:[m[K In function â€˜[01m[Kint main(int, char**)[m[Kâ€™:
[01m[K/home/vboxuser/ws_moveit/src/cobot/src/simple_path_planner.cpp:28:36:[m[K [01;31m[Kerror: [m[Kno matching function for call to â€˜[01m[Kmoveit::planning_interface::MoveGroupInterface::plan()[m[Kâ€™
   28 |     auto success = ([01;31m[Kmove_group.plan()[m[K == moveit::planning_interface::MoveItErrorCode::SUCCESS);
      |                     [01;31m[K~~~~~~~~~~~~~~~^~[m[K
In file included from [01m[K/home/vboxuser/ws_moveit/src/cobot/src/simple_path_planner.cpp:2[m[K:
[01m[K/home/vboxuser/ws_moveit/src/install/moveit_ros_planning_interface/include/moveit/move_group_interface/move_group_interface.h:720:33:[m[K [01;36m[Knote: [m[Kcandidate: â€˜[01m[Kmoveit::core::MoveItErrorCode moveit::planning_interface::MoveGroupInterface::plan(moveit::planning_interface::MoveGroupInterface::Plan&)[m[Kâ€™
  720 |   moveit::core::MoveItErrorCode [01;36m[Kplan[m[K(Plan& plan);
      |                                 [01;36m[K^~~~[m[K
[01m[K/home/vboxuser/ws_moveit/src/install/moveit_ros_planning_interface/include/moveit/move_group_interface/move_group_interface.h:720:33:[m[K [01;36m[Knote: [m[K  candidate expects 1 argument, 0 provided
[01m[K/home/vboxuser/ws_moveit/src/cobot/src/simple_path_planner.cpp:28:87:[m[K [01;35m[Kwarning: [m[Kâ€˜[01m[Kusing MoveItErrorCode = class moveit::core::MoveItErrorCode[m[Kâ€™ is deprecated: Use moveit::core::MoveItErrorCode [[01;35m[K]8;;https://gcc.gnu.org/onlinedocs/gcc/Warning-Options.html#index-Wdeprecated-declarations-Wdeprecated-declarations]8;;[m[K]
   28 |     auto success = (move_group.plan() == moveit::planning_interface::MoveItErrorCode::[01;35m[KSUCCESS[m[K);
      |                                                                                       [01;35m[K^~~~~~~[m[K
In file included from [01m[K/home/vboxuser/ws_moveit/src/cobot/src/simple_path_planner.cpp:2[m[K:
[01m[K/home/vboxuser/ws_moveit/src/install/moveit_ros_planning_interface/include/moveit/move_group_interface/move_group_interface.h:71:7:[m[K [01;36m[Knote: [m[Kdeclared here
   71 | using [01;36m[KMoveItErrorCode[m[K [[deprecated("Use moveit::core::MoveItErrorCode")]] = moveit::core::MoveItErrorCode;
      |       [01;36m[K^~~~~~~~~~~~~~~[m[K
[01m[K/home/vboxuser/ws_moveit/src/cobot/src/simple_path_planner.cpp:33:27:[m[K [01;31m[Kerror: [m[Kno matching function for call to â€˜[01m[Kmoveit::planning_interface::MoveGroupInterface::execute()[m[Kâ€™
   33 |         [01;31m[Kmove_group.execute()[m[K;
      |         [01;31m[K~~~~~~~~~~~~~~~~~~^~[m[K
In file included from [01m[K/home/vboxuser/ws_moveit/src/cobot/src/simple_path_planner.cpp:2[m[K:
[01m[K/home/vboxuser/ws_moveit/src/install/moveit_ros_planning_interface/include/moveit/move_group_interface/move_group_interface.h:729:33:[m[K [01;36m[Knote: [m[Kcandidate: â€˜[01m[Kmoveit::core::MoveItErrorCode moveit::planning_interface::MoveGroupInterface::execute(const moveit::planning_interface::MoveGroupInterface::Plan&)[m[Kâ€™
  729 |   moveit::core::MoveItErrorCode [01;36m[Kexecute[m[K(const Plan& plan);
      |                                 [01;36m[K^~~~~~~[m[K
[01m[K/home/vboxuser/ws_moveit/src/install/moveit_ros_planning_interface/include/moveit/move_group_interface/move_group_interface.h:729:33:[m[K [01;36m[Knote: [m[K  candidate expects 1 argument, 0 provided
[01m[K/home/vboxuser/ws_moveit/src/install/moveit_ros_planning_interface/include/moveit/move_group_interface/move_group_interface.h:732:33:[m[K [01;36m[Knote: [m[Kcandidate: â€˜[01m[Kmoveit::core::MoveItErrorCode moveit::planning_interface::MoveGroupInterface::execute(const RobotTrajectory&)[m[Kâ€™
  732 |   moveit::core::MoveItErrorCode [01;36m[Kexecute[m[K(const moveit_msgs::msg::RobotTrajectory& trajectory);
      |                                 [01;36m[K^~~~~~~[m[K
[01m[K/home/vboxuser/ws_moveit/src/install/moveit_ros_planning_interface/include/moveit/move_group_interface/move_group_interface.h:732:33:[m[K [01;36m[Knote: [m[K  candidate expects 1 argument, 0 provided
[01m[K/home/vboxuser/ws_moveit/src/cobot/src/simple_path_planner.cpp:44:28:[m[K [01;31m[Kerror: [m[Kno matching function for call to â€˜[01m[Kmoveit::planning_interface::MoveGroupInterface::plan()[m[Kâ€™
   44 |         if ([01;31m[Kmove_group.plan()[m[K == moveit::planning_interface::MoveItErrorCode::SUCCESS)
      |             [01;31m[K~~~~~~~~~~~~~~~^~[m[K
In file included from [01m[K/home/vboxuser/ws_moveit/src/cobot/src/simple_path_planner.cpp:2[m[K:
[01m[K/home/vboxuser/ws_moveit/src/install/moveit_ros_planning_interface/include/moveit/move_group_interface/move_group_interface.h:720:33:[m[K [01;36m[Knote: [m[Kcandidate: â€˜[01m[Kmoveit::core::MoveItErrorCode moveit::planning_interface::MoveGroupInterface::plan(moveit::planning_interface::MoveGroupInterface::Plan&)[m[Kâ€™
  720 |   moveit::core::MoveItErrorCode [01;36m[Kplan[m[K(Plan& plan);
      |                                 [01;36m[K^~~~[m[K
[01m[K/home/vboxuser/ws_moveit/src/install/moveit_ros_planning_interface/include/moveit/move_group_interface/move_group_interface.h:720:33:[m[K [01;36m[Knote: [m[K  candidate expects 1 argument, 0 provided
[01m[K/home/vboxuser/ws_moveit/src/cobot/src/simple_path_planner.cpp:44:79:[m[K [01;35m[Kwarning: [m[Kâ€˜[01m[Kusing MoveItErrorCode = class moveit::core::MoveItErrorCode[m[Kâ€™ is deprecated: Use moveit::core::MoveItErrorCode [[01;35m[K]8;;https://gcc.gnu.org/onlinedocs/gcc/Warning-Options.html#index-Wdeprecated-declarations-Wdeprecated-declarations]8;;[m[K]
   44 |         if (move_group.plan() == moveit::planning_interface::MoveItErrorCode::[01;35m[KSUCCESS[m[K)
      |                                                                               [01;35m[K^~~~~~~[m[K
In file included from [01m[K/home/vboxuser/ws_moveit/src/cobot/src/simple_path_planner.cpp:2[m[K:
[01m[K/home/vboxuser/ws_moveit/src/install/moveit_ros_planning_interface/include/moveit/move_group_interface/move_group_interface.h:71:7:[m[K [01;36m[Knote: [m[Kdeclared here
   71 | using [01;36m[KMoveItErrorCode[m[K [[deprecated("Use moveit::core::MoveItErrorCode")]] = moveit::core::MoveItErrorCode;
      |       [01;36m[K^~~~~~~~~~~~~~~[m[K
[01m[K/home/vboxuser/ws_moveit/src/cobot/src/simple_path_planner.cpp:47:31:[m[K [01;31m[Kerror: [m[Kno matching function for call to â€˜[01m[Kmoveit::planning_interface::MoveGroupInterface::execute()[m[Kâ€™
   47 |             [01;31m[Kmove_group.execute()[m[K;
      |             [01;31m[K~~~~~~~~~~~~~~~~~~^~[m[K
In file included from [01m[K/home/vboxuser/ws_moveit/src/cobot/src/simple_path_planner.cpp:2[m[K:
[01m[K/home/vboxuser/ws_moveit/src/install/moveit_ros_planning_interface/include/moveit/move_group_interface/move_group_interface.h:729:33:[m[K [01;36m[Knote: [m[Kcandidate: â€˜[01m[Kmoveit::core::MoveItErrorCode moveit::planning_interface::MoveGroupInterface::execute(const moveit::planning_interface::MoveGroupInterface::Plan&)[m[Kâ€™
  729 |   moveit::core::MoveItErrorCode [01;36m[Kexecute[m[K(const Plan& plan);
      |                                 [01;36m[K^~~~~~~[m[K
[01m[K/home/vboxuser/ws_moveit/src/install/moveit_ros_planning_interface/include/moveit/move_group_interface/move_group_interface.h:729:33:[m[K [01;36m[Knote: [m[K  candidate expects 1 argument, 0 provided
[01m[K/home/vboxuser/ws_moveit/src/install/moveit_ros_planning_interface/include/moveit/move_group_interface/move_group_interface.h:732:33:[m[K [01;36m[Knote: [m[Kcandidate: â€˜[01m[Kmoveit::core::MoveItErrorCode moveit::planning_interface::MoveGroupInterface::execute(const RobotTrajectory&)[m[Kâ€™
  732 |   moveit::core::MoveItErrorCode [01;36m[Kexecute[m[K(const moveit_msgs::msg::RobotTrajectory& trajectory);
      |                                 [01;36m[K^~~~~~~[m[K
[01m[K/home/vboxuser/ws_moveit/src/install/moveit_ros_planning_interface/include/moveit/move_group_interface/move_group_interface.h:732:33:[m[K [01;36m[Knote: [m[K  candidate expects 1 argument, 0 provided
gmake[2]: *** [CMakeFiles/simple_path_planner.dir/build.make:76: CMakeFiles/simple_path_planner.dir/src/simple_path_planner.cpp.o] Error 1
gmake[1]: *** [CMakeFiles/Makefile2:137: CMakeFiles/simple_path_planner.dir/all] Error 2
gmake: *** [Makefile:146: all] Error 2
