-- Found ament_cmake: 1.3.11 (/opt/ros/humble/share/ament_cmake/cmake)
-- Found moveit_ros_planning_interface: 2.5.6 (/home/vboxuser/ws_moveit/install/moveit_ros_planning_interface/share/moveit_ros_planning_interface/cmake)
-- Found Boost: /usr/lib/x86_64-linux-gnu/cmake/Boost-1.74.0/BoostConfig.cmake (found version "1.74.0") found components: date_time filesystem program_options system thread 
-- Found rosidl_generator_c: 3.1.6 (/opt/ros/humble/share/rosidl_generator_c/cmake)
-- Found rosidl_adapter: 3.1.6 (/opt/ros/humble/share/rosidl_adapter/cmake)
-- Found rosidl_generator_cpp: 3.1.6 (/opt/ros/humble/share/rosidl_generator_cpp/cmake)
-- Using all available rosidl_typesupport_c: rosidl_typesupport_fastrtps_c;rosidl_typesupport_introspection_c
-- Using all available rosidl_typesupport_cpp: rosidl_typesupport_fastrtps_cpp;rosidl_typesupport_introspection_cpp
-- Found Boost: /usr/lib/x86_64-linux-gnu/cmake/Boost-1.74.0/BoostConfig.cmake (found version "1.74.0") found components: chrono date_time filesystem iostreams program_options regex serialization system thread 
-- Found parameter_traits: 0.3.9 (/opt/ros/humble/share/parameter_traits/cmake)
-- Found rmw_implementation_cmake: 6.1.2 (/opt/ros/humble/share/rmw_implementation_cmake/cmake)
-- Found rmw_fastrtps_cpp: 6.2.7 (/opt/ros/humble/share/rmw_fastrtps_cpp/cmake)
-- Using RMW implementation 'rmw_fastrtps_cpp' as default
-- Found rclcpp_lifecycle: 16.0.11 (/opt/ros/humble/share/rclcpp_lifecycle/cmake)
-- Found Boost: /usr/lib/x86_64-linux-gnu/cmake/Boost-1.74.0/BoostConfig.cmake (found version "1.74.0") found components: filesystem 
-- library: /usr/lib/x86_64-linux-gnu/libcurl.so
-- Ensuring Eigen3 include directory is part of orocos-kdl CMake target
-- Found Boost: /usr/lib/x86_64-linux-gnu/cmake/Boost-1.74.0/BoostConfig.cmake (found version "1.74.0") found components: system filesystem date_time program_options thread chrono 
-- Found Boost: /usr/lib/x86_64-linux-gnu/cmake/Boost-1.74.0/BoostConfig.cmake (found version "1.74.0") found components: thread system filesystem regex date_time program_options 
-- Found Boost: /usr/lib/x86_64-linux-gnu/cmake/Boost-1.74.0/BoostConfig.cmake (found version "1.74.0") found components: system filesystem date_time program_options thread 
-- Found moveit_visual_tools: 4.1.1 (/home/vboxuser/ws_moveit/install/moveit_visual_tools/share/moveit_visual_tools/cmake)
-- Setting assimp_DIR to: '/opt/ros/humble/share/rviz_assimp_vendor/cmake/../../../opt/rviz_assimp_vendor/lib/cmake/assimp-4.1'
-- Setting OGRE_DIR to: '/opt/ros/humble/share/rviz_ogre_vendor/cmake/../../../opt/rviz_ogre_vendor/lib/OGRE/cmake'
-- Found OGRE
--   static     : OFF
--   components : HLMS;MeshLodGenerator;Overlay;Paging;Property;RTShaderSystem;Terrain;Volume
--   plugins    : Plugin_BSPSceneManager;Plugin_OctreeSceneManager;Plugin_PCZSceneManager;Plugin_ParticleFX;RenderSystem_GL;RenderSystem_GL3Plus;Codec_STBI
--   media      : /opt/ros/humble/opt/rviz_ogre_vendor/share/OGRE/Media
-- OGRE_LIBRARIES: OgreHLMS;OgreMeshLodGenerator;OgreOverlay;OgrePaging;OgreProperty;OgreRTShaderSystem;OgreTerrain;OgreVolume;OgreMain
-- OGRE_LIBRARY_DIRS: /opt/ros/humble/opt/rviz_ogre_vendor/lib
-- OGRE_PLUGINS: Plugin_BSPSceneManager;Plugin_OctreeSceneManager;Plugin_PCZSceneManager;Plugin_ParticleFX;RenderSystem_GL;RenderSystem_GL3Plus;Codec_STBI
-- OGRE_PLUGIN_DIR: /opt/ros/humble/opt/rviz_ogre_vendor/lib/OGRE
-- rviz_ogre_vendor::OgreOverlay for IMPORTED_LOCATION_RELEASE: /opt/ros/humble/opt/rviz_ogre_vendor/lib/libOgreOverlay.so
-- rviz_ogre_vendor::OgreOverlay for IMPORTED_LOCATION_DEBUG: /opt/ros/humble/opt/rviz_ogre_vendor/lib/libOgreOverlay.so
-- rviz_ogre_vendor::OgreMain for IMPORTED_LOCATION_RELEASE: /opt/ros/humble/opt/rviz_ogre_vendor/lib/libOgreMain.so
-- rviz_ogre_vendor::OgreMain for IMPORTED_LOCATION_DEBUG: /opt/ros/humble/opt/rviz_ogre_vendor/lib/libOgreMain.so
-- Found ament_lint_auto: 0.12.11 (/opt/ros/humble/share/ament_lint_auto/cmake)
-- Added test 'cppcheck' to perform static code analysis on C / C++ code
-- Configured cppcheck include dirs: $<BUILD_INTERFACE:/home/vboxuser/ws_moveit/src/hello_moveit/include>
-- Configured cppcheck exclude dirs and/or files: 
-- Added test 'flake8' to check Python code syntax and style conventions
-- Added test 'lint_cmake' to check CMake code style
-- Added test 'pep257' to check Python code against some of the docstring style conventions in PEP 257
-- Added test 'uncrustify' to check C / C++ code style
-- Configured uncrustify additional arguments: 
-- Added test 'xmllint' to check XML markup files
-- Configuring done
-- Generating done
-- Build files have been written to: /home/vboxuser/ws_moveit/build/hello_moveit
[35m[1mConsolidate compiler generated dependencies of target scene_initializer[0m
[35m[1mConsolidate compiler generated dependencies of target simple_planning[0m
[35m[1mConsolidate compiler generated dependencies of target joint_to_ee_pose[0m
[ 16%] [32mBuilding CXX object CMakeFiles/scene_initializer.dir/src/scene_initializer.cpp.o[0m
[ 50%] Built target joint_to_ee_pose
[ 66%] [32mBuilding CXX object CMakeFiles/simple_planning.dir/src/simple_planning.cpp.o[0m
[01m[K/home/vboxuser/ws_moveit/src/hello_moveit/src/scene_initializer.cpp:[m[K In function â€˜[01m[Kint main(int, char**)[m[Kâ€™:
[01m[K/home/vboxuser/ws_moveit/src/hello_moveit/src/scene_initializer.cpp:47:11:[m[K [01;31m[Kerror: [m[Kâ€˜[01m[KShapeMsg[m[Kâ€™ is not a member of â€˜[01m[Kshapes[m[Kâ€™
   47 |   shapes::[01;31m[KShapeMsg[m[K mesh_msg;
      |           [01;31m[K^~~~~~~~[m[K
[01m[K/home/vboxuser/ws_moveit/src/hello_moveit/src/scene_initializer.cpp:48:11:[m[K [01;31m[Kerror: [m[Kâ€˜[01m[KconstructMsgFromShape[m[Kâ€™ is not a member of â€˜[01m[Kshapes[m[Kâ€™
   48 |   shapes::[01;31m[KconstructMsgFromShape[m[K(mesh_chassis.get(), mesh_msg);
      |           [01;31m[K^~~~~~~~~~~~~~~~~~~~~[m[K
[01m[K/home/vboxuser/ws_moveit/src/hello_moveit/src/scene_initializer.cpp:48:46:[m[K [01;31m[Kerror: [m[Krequest for member â€˜[01m[Kget[m[Kâ€™ in â€˜[01m[Kmesh_chassis[m[Kâ€™, which is of pointer type â€˜[01m[Kshapes::Mesh*[m[Kâ€™ (maybe you meant to use â€˜[01m[K->[m[Kâ€™ ?)
   48 |   shapes::constructMsgFromShape(mesh_chassis.[01;31m[Kget[m[K(), mesh_msg);
      |                                              [01;31m[K^~~[m[K
[01m[K/home/vboxuser/ws_moveit/src/hello_moveit/src/scene_initializer.cpp:48:53:[m[K [01;31m[Kerror: [m[Kâ€˜[01m[Kmesh_msg[m[Kâ€™ was not declared in this scope
   48 |   shapes::constructMsgFromShape(mesh_chassis.get(), [01;31m[Kmesh_msg[m[K);
      |                                                     [01;31m[K^~~~~~~~[m[K
[01m[K/home/vboxuser/ws_moveit/src/hello_moveit/src/scene_initializer.cpp:49:35:[m[K [01;31m[Kerror: [m[Kâ€˜[01m[Kget[m[Kâ€™ is not a member of â€˜[01m[Kboost[m[Kâ€™; did you mean â€˜[01m[Kstd::get[m[Kâ€™?
   49 |   chassis.meshes.push_back(boost::[01;31m[Kget[m[K<shape_msgs::msg::Mesh>(mesh_msg));
      |                                   [01;31m[K^~~[m[K
In file included from [01m[K/opt/ros/humble/include/rclcpp/rclcpp/client.hpp:28[m[K,
                 from [01m[K/opt/ros/humble/include/rclcpp/rclcpp/callback_group.hpp:24[m[K,
                 from [01m[K/opt/ros/humble/include/rclcpp/rclcpp/any_executable.hpp:20[m[K,
                 from [01m[K/opt/ros/humble/include/rclcpp/rclcpp/memory_strategy.hpp:25[m[K,
                 from [01m[K/opt/ros/humble/include/rclcpp/rclcpp/memory_strategies.hpp:18[m[K,
                 from [01m[K/opt/ros/humble/include/rclcpp/rclcpp/executor_options.hpp:20[m[K,
                 from [01m[K/opt/ros/humble/include/rclcpp/rclcpp/executor.hpp:37[m[K,
                 from [01m[K/opt/ros/humble/include/rclcpp/rclcpp/executors/multi_threaded_executor.hpp:25[m[K,
                 from [01m[K/opt/ros/humble/include/rclcpp/rclcpp/executors.hpp:21[m[K,
                 from [01m[K/opt/ros/humble/include/rclcpp/rclcpp/rclcpp.hpp:155[m[K,
                 from [01m[K/home/vboxuser/ws_moveit/src/hello_moveit/src/scene_initializer.cpp:1[m[K:
[01m[K/usr/include/c++/11/variant:1145:27:[m[K [01;36m[Knote: [m[Kâ€˜[01m[Kstd::get[m[Kâ€™ declared here
 1145 |     constexpr const _Tp&& [01;36m[Kget[m[K(const variant<_Types...>&& __v)
      |                           [01;36m[K^~~[m[K
[01m[K/home/vboxuser/ws_moveit/src/hello_moveit/src/scene_initializer.cpp:49:60:[m[K [01;31m[Kerror: [m[Kexpected primary-expression before â€˜[01m[K>[m[Kâ€™ token
   49 |   chassis.meshes.push_back(boost::get<shape_msgs::msg::Mesh[01;31m[K>[m[K(mesh_msg));
      |                                                            [01;31m[K^[m[K
[01m[K/home/vboxuser/ws_moveit/src/hello_moveit/src/scene_initializer.cpp:66:11:[m[K [01;31m[Kerror: [m[Kâ€˜[01m[KShapeMsg[m[Kâ€™ is not a member of â€˜[01m[Kshapes[m[Kâ€™
   66 |   shapes::[01;31m[KShapeMsg[m[K mesh_belt_msg;
      |           [01;31m[K^~~~~~~~[m[K
[01m[K/home/vboxuser/ws_moveit/src/hello_moveit/src/scene_initializer.cpp:67:11:[m[K [01;31m[Kerror: [m[Kâ€˜[01m[KconstructMsgFromShape[m[Kâ€™ is not a member of â€˜[01m[Kshapes[m[Kâ€™
   67 |   shapes::[01;31m[KconstructMsgFromShape[m[K(mesh_belt.get(), mesh_belt_msg);
      |           [01;31m[K^~~~~~~~~~~~~~~~~~~~~[m[K
[01m[K/home/vboxuser/ws_moveit/src/hello_moveit/src/scene_initializer.cpp:67:43:[m[K [01;31m[Kerror: [m[Krequest for member â€˜[01m[Kget[m[Kâ€™ in â€˜[01m[Kmesh_belt[m[Kâ€™, which is of pointer type â€˜[01m[Kshapes::Mesh*[m[Kâ€™ (maybe you meant to use â€˜[01m[K->[m[Kâ€™ ?)
   67 |   shapes::constructMsgFromShape(mesh_belt.[01;31m[Kget[m[K(), mesh_belt_msg);
      |                                           [01;31m[K^~~[m[K
[01m[K/home/vboxuser/ws_moveit/src/hello_moveit/src/scene_initializer.cpp:67:50:[m[K [01;31m[Kerror: [m[Kâ€˜[01m[Kmesh_belt_msg[m[Kâ€™ was not declared in this scope; did you mean â€˜[01m[Kmesh_belt[m[Kâ€™?
   67 |   shapes::constructMsgFromShape(mesh_belt.get(), [01;31m[Kmesh_belt_msg[m[K);
      |                                                  [01;31m[K^~~~~~~~~~~~~[m[K
      |                                                  [32m[Kmesh_belt[m[K
[01m[K/home/vboxuser/ws_moveit/src/hello_moveit/src/scene_initializer.cpp:68:32:[m[K [01;31m[Kerror: [m[Kâ€˜[01m[Kget[m[Kâ€™ is not a member of â€˜[01m[Kboost[m[Kâ€™; did you mean â€˜[01m[Kstd::get[m[Kâ€™?
   68 |   belt.meshes.push_back(boost::[01;31m[Kget[m[K<shape_msgs::msg::Mesh>(mesh_belt_msg));
      |                                [01;31m[K^~~[m[K
In file included from [01m[K/opt/ros/humble/include/rclcpp/rclcpp/client.hpp:28[m[K,
                 from [01m[K/opt/ros/humble/include/rclcpp/rclcpp/callback_group.hpp:24[m[K,
                 from [01m[K/opt/ros/humble/include/rclcpp/rclcpp/any_executable.hpp:20[m[K,
                 from [01m[K/opt/ros/humble/include/rclcpp/rclcpp/memory_strategy.hpp:25[m[K,
                 from [01m[K/opt/ros/humble/include/rclcpp/rclcpp/memory_strategies.hpp:18[m[K,
                 from [01m[K/opt/ros/humble/include/rclcpp/rclcpp/executor_options.hpp:20[m[K,
                 from [01m[K/opt/ros/humble/include/rclcpp/rclcpp/executor.hpp:37[m[K,
                 from [01m[K/opt/ros/humble/include/rclcpp/rclcpp/executors/multi_threaded_executor.hpp:25[m[K,
                 from [01m[K/opt/ros/humble/include/rclcpp/rclcpp/executors.hpp:21[m[K,
                 from [01m[K/opt/ros/humble/include/rclcpp/rclcpp/rclcpp.hpp:155[m[K,
                 from [01m[K/home/vboxuser/ws_moveit/src/hello_moveit/src/scene_initializer.cpp:1[m[K:
[01m[K/usr/include/c++/11/variant:1145:27:[m[K [01;36m[Knote: [m[Kâ€˜[01m[Kstd::get[m[Kâ€™ declared here
 1145 |     constexpr const _Tp&& [01;36m[Kget[m[K(const variant<_Types...>&& __v)
      |                           [01;36m[K^~~[m[K
[01m[K/home/vboxuser/ws_moveit/src/hello_moveit/src/scene_initializer.cpp:68:57:[m[K [01;31m[Kerror: [m[Kexpected primary-expression before â€˜[01m[K>[m[Kâ€™ token
   68 |   belt.meshes.push_back(boost::get<shape_msgs::msg::Mesh[01;31m[K>[m[K(mesh_belt_msg));
      |                                                         [01;31m[K^[m[K
gmake[2]: *** [CMakeFiles/scene_initializer.dir/build.make:76: CMakeFiles/scene_initializer.dir/src/scene_initializer.cpp.o] Error 1
gmake[1]: *** [CMakeFiles/Makefile2:193: CMakeFiles/scene_initializer.dir/all] Error 2
gmake[1]: *** Waiting for unfinished jobs....
[ 83%] [32m[1mLinking CXX executable simple_planning[0m
[ 83%] Built target simple_planning
gmake: *** [Makefile:146: all] Error 2
